<?xml version="1.0" encoding="UTF-8"?>
<!-- Generated by org.testng.reporters.JUnitReportReporter -->
<testsuite skipped="0" hostname="AYSETURHAN" name="com.techproed.crossbrowsertests.PositiveTest" tests="2" failures="0" timestamp="2020-05-17T23:53:44 EEST" time="39.402" errors="0">
  <testcase name="positiveLoginTest" time="22.199" classname="com.techproed.crossbrowsertests.PositiveTest"/>
  <system-out/>
  <testcase name="positiveLoginTest" time="17.203" classname="com.techproed.crossbrowsertests.PositiveTest"/>
  <system-out/>
</testsuite> <!-- com.techproed.crossbrowsertests.PositiveTest -->
