<?xml version="1.0" encoding="UTF-8"?>
<!-- Generated by org.testng.reporters.JUnitReportReporter -->
<testsuite skipped="0" hostname="AYSETURHAN" name="com.techproed.crossbrowsertests.NegativeTest" tests="6" failures="0" timestamp="2020-05-17T23:53:44 EEST" time="83.468" errors="0">
  <testcase name="invalidPass" time="15.026" classname="com.techproed.crossbrowsertests.NegativeTest"/>
  <system-out/>
  <testcase name="invalidIDAndPass" time="12.363" classname="com.techproed.crossbrowsertests.NegativeTest"/>
  <system-out/>
  <testcase name="invalidID" time="14.647" classname="com.techproed.crossbrowsertests.NegativeTest"/>
  <system-out/>
  <testcase name="invalidPass" time="14.554" classname="com.techproed.crossbrowsertests.NegativeTest"/>
  <system-out/>
  <testcase name="invalidID" time="12.865" classname="com.techproed.crossbrowsertests.NegativeTest"/>
  <system-out/>
  <testcase name="invalidIDAndPass" time="14.013" classname="com.techproed.crossbrowsertests.NegativeTest"/>
  <system-out/>
</testsuite> <!-- com.techproed.crossbrowsertests.NegativeTest -->
